<?xml version="1.0" encoding="UTF-8"?>
<testsuite name="com.coditorium.sandbox.CountriesEndpointSpec" tests="1" skipped="0" failures="0" errors="0" timestamp="2026-02-11T10:07:40.546Z" hostname="SAINA-PC" time="7.392">
  <properties/>
  <testcase name="should list countries" classname="com.coditorium.sandbox.CountriesEndpointSpec" time="7.381"/>
  <system-out><![CDATA[10:07:40.664 [Test worker] INFO org.springframework.boot.devtools.restart.RestartApplicationListener -- Restart disabled due to context in which it is running

  .   ____          _            __ _ _
 /\\ / ___'_ __ _ _(_)_ __  __ _ \ \ \ \
( ( )\___ | '_ | '_| | '_ \/ _` | \ \ \ \
 \\/  ___)| |_)| | | | | || (_| |  ) ) ) )
  '  |____| .__|_| |_|_| |_\__, | / / / /
 =========|_|==============|___/=/_/_/_/

 :: Spring Boot ::                (v3.5.5)

2026-02-11T10:07:41.577Z  INFO 10332 --- [    Test worker] c.c.sandbox.CountriesEndpointSpec        : Starting CountriesEndpointSpec using Java 17.0.18 with PID 10332 (started by onyeb in C:\Dev\java-react-example)
2026-02-11T10:07:41.581Z  INFO 10332 --- [    Test worker] c.c.sandbox.CountriesEndpointSpec        : No active profile set, falling back to 1 default profile: "default"
2026-02-11T10:07:43.958Z  INFO 10332 --- [    Test worker] o.s.b.w.embedded.tomcat.TomcatWebServer  : Tomcat initialized with port 0 (http)
2026-02-11T10:07:43.993Z  INFO 10332 --- [    Test worker] o.apache.catalina.core.StandardService   : Starting service [Tomcat]
2026-02-11T10:07:43.994Z  INFO 10332 --- [    Test worker] o.apache.catalina.core.StandardEngine    : Starting Servlet engine: [Apache Tomcat/10.1.44]
2026-02-11T10:07:44.154Z  INFO 10332 --- [    Test worker] o.a.c.c.C.[Tomcat].[localhost].[/]       : Initializing Spring embedded WebApplicationContext
2026-02-11T10:07:44.157Z  INFO 10332 --- [    Test worker] w.s.c.ServletWebServerApplicationContext : Root WebApplicationContext: initialization completed in 2504 ms
2026-02-11T10:07:44.433Z  INFO 10332 --- [    Test worker] o.s.b.a.w.s.WelcomePageHandlerMapping    : Adding welcome page: class path resource [static/index.html]
2026-02-11T10:07:45.497Z  INFO 10332 --- [    Test worker] o.s.b.w.embedded.tomcat.TomcatWebServer  : Tomcat started on port 61218 (http) with context path '/'
2026-02-11T10:07:45.521Z  INFO 10332 --- [    Test worker] c.c.sandbox.CountriesEndpointSpec        : Started CountriesEndpointSpec in 4.887 seconds (process running for 8.104)
2026-02-11T10:07:47.234Z  INFO 10332 --- [    Test worker] o.a.c.c.C.[Tomcat].[localhost].[/]       : Initializing Spring TestDispatcherServlet ''
2026-02-11T10:07:47.235Z  INFO 10332 --- [    Test worker] o.s.t.web.servlet.TestDispatcherServlet  : Initializing Servlet ''
2026-02-11T10:07:47.237Z  INFO 10332 --- [    Test worker] o.s.t.web.servlet.TestDispatcherServlet  : Completed initialization in 2 ms
2026-02-11T10:07:47.435Z  INFO 10332 --- [    Test worker] c.c.sandbox.country.CountriesEndpoint    : GET /countries

MockHttpServletRequest:
      HTTP Method = GET
      Request URI = /api/countries
       Parameters = {}
          Headers = []
             Body = <no character encoding set>
    Session Attrs = {}

Handler:
             Type = com.coditorium.sandbox.country.CountriesEndpoint
           Method = com.coditorium.sandbox.country.CountriesEndpoint#getCountries()

Async:
    Async started = false
     Async result = null

Resolved Exception:
             Type = null

ModelAndView:
        View name = null
             View = null
            Model = null

FlashMap:
       Attributes = null

MockHttpServletResponse:
           Status = 200
    Error message = null
          Headers = [Content-Type:"application/json"]
     Content type = application/json
             Body = {"countries":["Albania","Andorra","Armenia","Austria","Azerbaijan","Belarus","Belgium","Bosnia and Herzegovina","Bulgaria","Croatia","Cyprus","Czech Republic","Denmark","Estonia","Finland","France","Georgia","Germany","Greece","Hungary","Iceland","Ireland","Italy","Kazakhstan","Kosovo","Latvia","Liechtenstein","Lithuania","Luxembourg","Macedonia","Malta","Moldova","Monaco","Montenegro","Netherlands","Norway","Poland","Portugal","Romania","Russia","San Marino","Serbia","Slovakia","Slovenia","Spain","Sweden","Switzerland","Turkey","Ukraine","United Kingdom","Vatican"]}
    Forwarded URL = null
   Redirected URL = null
          Cookies = []
]]></system-out>
  <system-err><![CDATA[]]></system-err>
</testsuite>
